<?xml version="1.0" encoding="UTF-8"?>
<!-- Generated by org.testng.reporters.JUnitXMLReporter -->
<testsuite hostname="LAPTOP-0I5B3L8C" ignored="3" name="Test Login Exitoso" tests="3" failures="0" timestamp="2021-01-13T11:13:15 COT" time="39.44" errors="0">
  <testcase name="testLoginExitoso" time="1.363" classname="tests.TestLoginChrome"/>
  <testcase name="testLoginExitoso" time="3.565" classname="tests.TestLoginEdge"/>
  <testcase name="testLoginExitoso" time="5.217" classname="tests.TestLoginFirefox"/>
  <testcase name="testLoginFallido" time="0.0" classname="tests.TestLoginFirefox">
    <ignored/>
  </testcase> <!-- testLoginFallido -->
  <testcase name="testLoginFallido" time="0.0" classname="tests.TestLoginEdge">
    <ignored/>
  </testcase> <!-- testLoginFallido -->
  <testcase name="testLoginFallido" time="0.0" classname="tests.TestLoginChrome">
    <ignored/>
  </testcase> <!-- testLoginFallido -->
</testsuite> <!-- Test Login Exitoso -->
