<?xml version="1.0" encoding="UTF-8"?>
<!-- Generated by org.testng.reporters.JUnitXMLReporter -->
<testsuite hostname="LAPTOP-0I5B3L8C" ignored="3" name="Test Login Fallido" tests="6" failures="0" timestamp="2021-01-13T11:12:36 COT" time="91.751" errors="0">
  <testcase name="testLoginFallido" time="2.955" classname="tests.TestLoginChrome"/>
  <testcase name="testLoginFallido" time="1.572" classname="tests.TestLoginChrome"/>
  <testcase name="testLoginFallido" time="1.676" classname="tests.TestLoginEdge"/>
  <testcase name="testLoginFallido" time="2.042" classname="tests.TestLoginEdge"/>
  <testcase name="testLoginFallido" time="4.422" classname="tests.TestLoginFirefox"/>
  <testcase name="testLoginFallido" time="2.651" classname="tests.TestLoginFirefox"/>
  <testcase name="testLoginExitoso" time="0.0" classname="tests.TestLoginFirefox">
    <ignored/>
  </testcase> <!-- testLoginExitoso -->
  <testcase name="testLoginExitoso" time="0.0" classname="tests.TestLoginChrome">
    <ignored/>
  </testcase> <!-- testLoginExitoso -->
  <testcase name="testLoginExitoso" time="0.0" classname="tests.TestLoginEdge">
    <ignored/>
  </testcase> <!-- testLoginExitoso -->
</testsuite> <!-- Test Login Fallido -->
